Received data: Array
(
    [roll_number] => FC2221015
    [name] => Ram Tiwari
    [timestamp] => 2024-08-19T11:49:50.891Z
)

Received data: Array
(
    [roll_number] => FC2221015
    [name] => Ram Tiwari
    [timestamp] => 2024-08-19T11:58:42.363Z
)

Received data: Array
(
    [roll_number] => FC2221015
    [name] => Ram Tiwari
    [timestamp] => 2024-08-19T12:09:18.617Z
)

Received data: Array
(
    [roll_number] => 65
    [name] => Debarjun Chakraborty
    [timestamp] => 2024-08-19T12:27:45.530Z
)

Received data: Array
(
    [roll_number] => FC999999
    [name] => Gunjan
    [timestamp] => 2024-08-19T18:02:42.551Z
)

